[2023-12-05 00:04:44.501] [INFO ] [SpringApplicationShutdownHook] org.springframework.orm.jpa.LocalContainerEntityManagerFactoryBean Closing JPA EntityManagerFactory for persistence unit 'default'
[2023-12-05 00:04:44.505] [INFO ] [SpringApplicationShutdownHook] com.zaxxer.hikari.HikariDataSource HikariPool-1 - Shutdown initiated...
[2023-12-05 00:04:44.507] [INFO ] [SpringApplicationShutdownHook] com.zaxxer.hikari.HikariDataSource HikariPool-1 - Shutdown completed.
[2023-12-05 00:04:48.574] [INFO ] [background-preinit] org.hibernate.validator.internal.util.Version HV000001: Hibernate Validator 8.0.1.Final
[2023-12-05 00:04:48.604] [INFO ] [main] com.example.makedelivery.MakeDeliveryApplication Starting MakeDeliveryApplication using Java 17.0.9 with PID 19684 (D:\make-delivery\make-delivery\build\classes\java\main started by user in D:\make-delivery\make-delivery)
[2023-12-05 00:04:48.605] [INFO ] [main] com.example.makedelivery.MakeDeliveryApplication The following 1 profile is active: "aws"
[2023-12-05 00:04:49.044] [INFO ] [main] org.springframework.data.repository.config.RepositoryConfigurationDelegate Multiple Spring Data modules found, entering strict repository configuration mode
[2023-12-05 00:04:49.045] [INFO ] [main] org.springframework.data.repository.config.RepositoryConfigurationDelegate Bootstrapping Spring Data JPA repositories in DEFAULT mode.
[2023-12-05 00:04:49.137] [INFO ] [main] org.springframework.data.repository.config.RepositoryConfigurationDelegate Finished Spring Data repository scanning in 87 ms. Found 1 JPA repository interface.
[2023-12-05 00:04:49.146] [INFO ] [main] org.springframework.data.repository.config.RepositoryConfigurationDelegate Multiple Spring Data modules found, entering strict repository configuration mode
[2023-12-05 00:04:49.147] [INFO ] [main] org.springframework.data.repository.config.RepositoryConfigurationDelegate Bootstrapping Spring Data Redis repositories in DEFAULT mode.
[2023-12-05 00:04:49.155] [INFO ] [main] org.springframework.data.repository.config.RepositoryConfigurationExtensionSupport Spring Data Redis - Could not safely identify store assignment for repository candidate interface com.example.makedelivery.domain.customer.repository.CustomerMemberRepository; If you want this repository to be a Redis repository, consider annotating your entities with one of these annotations: org.springframework.data.redis.core.RedisHash (preferred), or consider extending one of the following types with your repository: org.springframework.data.keyvalue.repository.KeyValueRepository
[2023-12-05 00:04:49.155] [INFO ] [main] org.springframework.data.repository.config.RepositoryConfigurationDelegate Finished Spring Data repository scanning in 3 ms. Found 0 Redis repository interfaces.
[2023-12-05 00:04:49.480] [INFO ] [main] org.springframework.boot.web.embedded.tomcat.TomcatWebServer Tomcat initialized with port 8080 (http)
[2023-12-05 00:04:49.481] [INFO ] [main] org.apache.catalina.core.AprLifecycleListener An older version [1.2.34] of the Apache Tomcat Native library is installed, while Tomcat recommends a minimum version of [2.0.5]
[2023-12-05 00:04:49.481] [INFO ] [main] org.apache.catalina.core.AprLifecycleListener Loaded Apache Tomcat Native library [1.2.34] using APR version [1.7.0].
[2023-12-05 00:04:49.484] [INFO ] [main] org.apache.catalina.core.AprLifecycleListener OpenSSL successfully initialized [OpenSSL 1.1.1o  3 May 2022]
[2023-12-05 00:04:49.491] [INFO ] [main] org.apache.coyote.http11.Http11NioProtocol Initializing ProtocolHandler ["http-nio-8080"]
[2023-12-05 00:04:49.492] [INFO ] [main] org.apache.catalina.core.StandardService Starting service [Tomcat]
[2023-12-05 00:04:49.492] [INFO ] [main] org.apache.catalina.core.StandardEngine Starting Servlet engine: [Apache Tomcat/10.1.16]
[2023-12-05 00:04:49.545] [INFO ] [main] org.apache.catalina.core.ContainerBase.[Tomcat].[localhost].[/] Initializing Spring embedded WebApplicationContext
[2023-12-05 00:04:49.546] [INFO ] [main] org.springframework.boot.web.servlet.context.ServletWebServerApplicationContext Root WebApplicationContext: initialization completed in 916 ms
[2023-12-05 00:04:49.634] [INFO ] [main] org.hibernate.jpa.internal.util.LogHelper HHH000204: Processing PersistenceUnitInfo [name: default]
[2023-12-05 00:04:49.677] [INFO ] [main] org.hibernate.Version HHH000412: Hibernate ORM core version 6.3.1.Final
[2023-12-05 00:04:49.703] [INFO ] [main] org.hibernate.cache.internal.RegionFactoryInitiator HHH000026: Second-level cache disabled
[2023-12-05 00:04:49.855] [INFO ] [main] org.springframework.orm.jpa.persistenceunit.SpringPersistenceUnitInfo No LoadTimeWeaver setup: ignoring JPA class transformer
[2023-12-05 00:04:49.874] [INFO ] [main] com.zaxxer.hikari.HikariDataSource HikariPool-1 - Starting...
[2023-12-05 00:04:49.970] [INFO ] [main] com.zaxxer.hikari.pool.HikariPool HikariPool-1 - Added connection com.mysql.cj.jdbc.ConnectionImpl@1958c0d9
[2023-12-05 00:04:49.971] [INFO ] [main] com.zaxxer.hikari.HikariDataSource HikariPool-1 - Start completed.
[2023-12-05 00:04:50.511] [INFO ] [main] org.hibernate.engine.transaction.jta.platform.internal.JtaPlatformInitiator HHH000489: No JTA platform available (set 'hibernate.transaction.jta.platform' to enable JTA platform integration)
[2023-12-05 00:04:50.513] [INFO ] [main] org.springframework.orm.jpa.LocalContainerEntityManagerFactoryBean Initialized JPA EntityManagerFactory for persistence unit 'default'
[2023-12-05 00:04:50.880] [WARN ] [main] org.springframework.boot.autoconfigure.orm.jpa.JpaBaseConfiguration$JpaWebConfiguration spring.jpa.open-in-view is enabled by default. Therefore, database queries may be performed during view rendering. Explicitly configure spring.jpa.open-in-view to disable this warning
[2023-12-05 00:04:51.091] [INFO ] [main] org.apache.coyote.http11.Http11NioProtocol Starting ProtocolHandler ["http-nio-8080"]
[2023-12-05 00:04:51.106] [INFO ] [main] org.springframework.boot.web.embedded.tomcat.TomcatWebServer Tomcat started on port 8080 (http) with context path ''
[2023-12-05 00:04:51.111] [INFO ] [main] com.example.makedelivery.MakeDeliveryApplication Started MakeDeliveryApplication in 2.873 seconds (process running for 3.324)
[2023-12-05 00:42:12.321] [INFO ] [SpringApplicationShutdownHook] org.springframework.orm.jpa.LocalContainerEntityManagerFactoryBean Closing JPA EntityManagerFactory for persistence unit 'default'
[2023-12-05 00:42:12.324] [INFO ] [SpringApplicationShutdownHook] com.zaxxer.hikari.HikariDataSource HikariPool-1 - Shutdown initiated...
[2023-12-05 00:42:12.326] [INFO ] [SpringApplicationShutdownHook] com.zaxxer.hikari.HikariDataSource HikariPool-1 - Shutdown completed.
[2023-12-05 22:18:15.320] [INFO ] [background-preinit] org.hibernate.validator.internal.util.Version HV000001: Hibernate Validator 8.0.1.Final
[2023-12-05 22:18:15.349] [INFO ] [main] com.example.makedelivery.MakeDeliveryApplication Starting MakeDeliveryApplication using Java 17.0.9 with PID 16572 (D:\make-delivery\make-delivery\build\classes\java\main started by user in D:\make-delivery\make-delivery)
[2023-12-05 22:18:15.350] [INFO ] [main] com.example.makedelivery.MakeDeliveryApplication The following 1 profile is active: "aws"
[2023-12-05 22:18:15.812] [INFO ] [main] org.springframework.data.repository.config.RepositoryConfigurationDelegate Multiple Spring Data modules found, entering strict repository configuration mode
[2023-12-05 22:18:15.814] [INFO ] [main] org.springframework.data.repository.config.RepositoryConfigurationDelegate Bootstrapping Spring Data JPA repositories in DEFAULT mode.
[2023-12-05 22:18:15.911] [INFO ] [main] org.springframework.data.repository.config.RepositoryConfigurationDelegate Finished Spring Data repository scanning in 93 ms. Found 1 JPA repository interface.
[2023-12-05 22:18:15.921] [INFO ] [main] org.springframework.data.repository.config.RepositoryConfigurationDelegate Multiple Spring Data modules found, entering strict repository configuration mode
[2023-12-05 22:18:15.922] [INFO ] [main] org.springframework.data.repository.config.RepositoryConfigurationDelegate Bootstrapping Spring Data Redis repositories in DEFAULT mode.
[2023-12-05 22:18:15.931] [INFO ] [main] org.springframework.data.repository.config.RepositoryConfigurationExtensionSupport Spring Data Redis - Could not safely identify store assignment for repository candidate interface com.example.makedelivery.domain.customer.repository.CustomerMemberRepository; If you want this repository to be a Redis repository, consider annotating your entities with one of these annotations: org.springframework.data.redis.core.RedisHash (preferred), or consider extending one of the following types with your repository: org.springframework.data.keyvalue.repository.KeyValueRepository
[2023-12-05 22:18:15.931] [INFO ] [main] org.springframework.data.repository.config.RepositoryConfigurationDelegate Finished Spring Data repository scanning in 4 ms. Found 0 Redis repository interfaces.
[2023-12-05 22:18:16.306] [INFO ] [main] org.springframework.boot.web.embedded.tomcat.TomcatWebServer Tomcat initialized with port 8080 (http)
[2023-12-05 22:18:16.306] [INFO ] [main] org.apache.catalina.core.AprLifecycleListener An older version [1.2.34] of the Apache Tomcat Native library is installed, while Tomcat recommends a minimum version of [2.0.5]
[2023-12-05 22:18:16.306] [INFO ] [main] org.apache.catalina.core.AprLifecycleListener Loaded Apache Tomcat Native library [1.2.34] using APR version [1.7.0].
[2023-12-05 22:18:16.309] [INFO ] [main] org.apache.catalina.core.AprLifecycleListener OpenSSL successfully initialized [OpenSSL 1.1.1o  3 May 2022]
[2023-12-05 22:18:16.313] [INFO ] [main] org.apache.coyote.http11.Http11NioProtocol Initializing ProtocolHandler ["http-nio-8080"]
[2023-12-05 22:18:16.314] [INFO ] [main] org.apache.catalina.core.StandardService Starting service [Tomcat]
[2023-12-05 22:18:16.315] [INFO ] [main] org.apache.catalina.core.StandardEngine Starting Servlet engine: [Apache Tomcat/10.1.16]
[2023-12-05 22:18:16.364] [INFO ] [main] org.apache.catalina.core.ContainerBase.[Tomcat].[localhost].[/] Initializing Spring embedded WebApplicationContext
[2023-12-05 22:18:16.365] [INFO ] [main] org.springframework.boot.web.servlet.context.ServletWebServerApplicationContext Root WebApplicationContext: initialization completed in 988 ms
[2023-12-05 22:18:16.462] [INFO ] [main] org.hibernate.jpa.internal.util.LogHelper HHH000204: Processing PersistenceUnitInfo [name: default]
[2023-12-05 22:18:16.498] [INFO ] [main] org.hibernate.Version HHH000412: Hibernate ORM core version 6.3.1.Final
[2023-12-05 22:18:16.521] [INFO ] [main] org.hibernate.cache.internal.RegionFactoryInitiator HHH000026: Second-level cache disabled
[2023-12-05 22:18:16.691] [INFO ] [main] org.springframework.orm.jpa.persistenceunit.SpringPersistenceUnitInfo No LoadTimeWeaver setup: ignoring JPA class transformer
[2023-12-05 22:18:16.709] [INFO ] [main] com.zaxxer.hikari.HikariDataSource HikariPool-1 - Starting...
[2023-12-05 22:18:16.809] [INFO ] [main] com.zaxxer.hikari.pool.HikariPool HikariPool-1 - Added connection com.mysql.cj.jdbc.ConnectionImpl@429f0ca8
[2023-12-05 22:18:16.810] [INFO ] [main] com.zaxxer.hikari.HikariDataSource HikariPool-1 - Start completed.
[2023-12-05 22:18:17.407] [INFO ] [main] org.hibernate.engine.transaction.jta.platform.internal.JtaPlatformInitiator HHH000489: No JTA platform available (set 'hibernate.transaction.jta.platform' to enable JTA platform integration)
[2023-12-05 22:18:17.410] [INFO ] [main] org.springframework.orm.jpa.LocalContainerEntityManagerFactoryBean Initialized JPA EntityManagerFactory for persistence unit 'default'
[2023-12-05 22:18:17.824] [WARN ] [main] org.springframework.boot.autoconfigure.orm.jpa.JpaBaseConfiguration$JpaWebConfiguration spring.jpa.open-in-view is enabled by default. Therefore, database queries may be performed during view rendering. Explicitly configure spring.jpa.open-in-view to disable this warning
[2023-12-05 22:18:17.835] [WARN ] [main] org.springframework.boot.autoconfigure.security.servlet.UserDetailsServiceAutoConfiguration 

Using generated security password: 11850066-3efe-49fa-8b6d-31c499430c9d

This generated password is for development use only. Your security configuration must be updated before running your application in production.

[2023-12-05 22:18:17.991] [INFO ] [main] org.springframework.security.web.DefaultSecurityFilterChain Will secure any request with [org.springframework.security.web.session.DisableEncodeUrlFilter@1eeb9e5c, org.springframework.security.web.context.request.async.WebAsyncManagerIntegrationFilter@2cca7d3c, org.springframework.security.web.context.SecurityContextHolderFilter@614d01b, org.springframework.security.web.header.HeaderWriterFilter@2c3f81ef, org.springframework.web.filter.CorsFilter@5e1535e0, org.springframework.security.web.authentication.logout.LogoutFilter@2ac7c683, org.springframework.security.web.savedrequest.RequestCacheAwareFilter@5a8149f6, org.springframework.security.web.servletapi.SecurityContextHolderAwareRequestFilter@672549f3, org.springframework.security.web.authentication.AnonymousAuthenticationFilter@6c27be1d, org.springframework.security.web.session.SessionManagementFilter@7828bc6b, org.springframework.security.web.access.ExceptionTranslationFilter@2a5d9ede, org.springframework.security.web.access.intercept.AuthorizationFilter@5a8d03ce]
[2023-12-05 22:18:18.154] [INFO ] [main] org.apache.coyote.http11.Http11NioProtocol Starting ProtocolHandler ["http-nio-8080"]
[2023-12-05 22:18:18.601] [WARN ] [main] org.springframework.boot.web.servlet.context.AnnotationConfigServletWebServerApplicationContext Exception encountered during context initialization - cancelling refresh attempt: org.springframework.context.ApplicationContextException: Failed to start bean 'webServerStartStop'
[2023-12-05 22:18:18.605] [INFO ] [main] org.springframework.orm.jpa.LocalContainerEntityManagerFactoryBean Closing JPA EntityManagerFactory for persistence unit 'default'
[2023-12-05 22:18:18.606] [INFO ] [main] com.zaxxer.hikari.HikariDataSource HikariPool-1 - Shutdown initiated...
[2023-12-05 22:18:18.611] [INFO ] [main] com.zaxxer.hikari.HikariDataSource HikariPool-1 - Shutdown completed.
[2023-12-05 22:18:18.620] [INFO ] [main] org.springframework.boot.autoconfigure.logging.ConditionEvaluationReportLogger 

Error starting ApplicationContext. To display the condition evaluation report re-run your application with 'debug' enabled.
[2023-12-05 22:18:18.633] [ERROR] [main] org.springframework.boot.diagnostics.LoggingFailureAnalysisReporter 

***************************
APPLICATION FAILED TO START
***************************

Description:

Web server failed to start. Port 8080 was already in use.

Action:

Identify and stop the process that's listening on port 8080 or configure this application to listen on another port.

[2023-12-05 22:21:12.268] [INFO ] [background-preinit] org.hibernate.validator.internal.util.Version HV000001: Hibernate Validator 8.0.1.Final
[2023-12-05 22:21:12.295] [INFO ] [main] com.example.makedelivery.MakeDeliveryApplication Starting MakeDeliveryApplication using Java 17.0.9 with PID 21456 (D:\make-delivery\make-delivery\build\classes\java\main started by user in D:\make-delivery\make-delivery)
[2023-12-05 22:21:12.296] [INFO ] [main] com.example.makedelivery.MakeDeliveryApplication The following 1 profile is active: "aws"
[2023-12-05 22:21:12.744] [INFO ] [main] org.springframework.data.repository.config.RepositoryConfigurationDelegate Multiple Spring Data modules found, entering strict repository configuration mode
[2023-12-05 22:21:12.745] [INFO ] [main] org.springframework.data.repository.config.RepositoryConfigurationDelegate Bootstrapping Spring Data JPA repositories in DEFAULT mode.
[2023-12-05 22:21:12.840] [INFO ] [main] org.springframework.data.repository.config.RepositoryConfigurationDelegate Finished Spring Data repository scanning in 90 ms. Found 1 JPA repository interface.
[2023-12-05 22:21:12.850] [INFO ] [main] org.springframework.data.repository.config.RepositoryConfigurationDelegate Multiple Spring Data modules found, entering strict repository configuration mode
[2023-12-05 22:21:12.850] [INFO ] [main] org.springframework.data.repository.config.RepositoryConfigurationDelegate Bootstrapping Spring Data Redis repositories in DEFAULT mode.
[2023-12-05 22:21:12.859] [INFO ] [main] org.springframework.data.repository.config.RepositoryConfigurationExtensionSupport Spring Data Redis - Could not safely identify store assignment for repository candidate interface com.example.makedelivery.domain.customer.repository.CustomerMemberRepository; If you want this repository to be a Redis repository, consider annotating your entities with one of these annotations: org.springframework.data.redis.core.RedisHash (preferred), or consider extending one of the following types with your repository: org.springframework.data.keyvalue.repository.KeyValueRepository
[2023-12-05 22:21:12.860] [INFO ] [main] org.springframework.data.repository.config.RepositoryConfigurationDelegate Finished Spring Data repository scanning in 3 ms. Found 0 Redis repository interfaces.
[2023-12-05 22:21:13.213] [INFO ] [main] org.springframework.boot.web.embedded.tomcat.TomcatWebServer Tomcat initialized with port 8080 (http)
[2023-12-05 22:21:13.213] [INFO ] [main] org.apache.catalina.core.AprLifecycleListener An older version [1.2.34] of the Apache Tomcat Native library is installed, while Tomcat recommends a minimum version of [2.0.5]
[2023-12-05 22:21:13.213] [INFO ] [main] org.apache.catalina.core.AprLifecycleListener Loaded Apache Tomcat Native library [1.2.34] using APR version [1.7.0].
[2023-12-05 22:21:13.216] [INFO ] [main] org.apache.catalina.core.AprLifecycleListener OpenSSL successfully initialized [OpenSSL 1.1.1o  3 May 2022]
[2023-12-05 22:21:13.220] [INFO ] [main] org.apache.coyote.http11.Http11NioProtocol Initializing ProtocolHandler ["http-nio-8080"]
[2023-12-05 22:21:13.221] [INFO ] [main] org.apache.catalina.core.StandardService Starting service [Tomcat]
[2023-12-05 22:21:13.222] [INFO ] [main] org.apache.catalina.core.StandardEngine Starting Servlet engine: [Apache Tomcat/10.1.16]
[2023-12-05 22:21:13.268] [INFO ] [main] org.apache.catalina.core.ContainerBase.[Tomcat].[localhost].[/] Initializing Spring embedded WebApplicationContext
[2023-12-05 22:21:13.269] [INFO ] [main] org.springframework.boot.web.servlet.context.ServletWebServerApplicationContext Root WebApplicationContext: initialization completed in 948 ms
[2023-12-05 22:21:13.369] [INFO ] [main] org.hibernate.jpa.internal.util.LogHelper HHH000204: Processing PersistenceUnitInfo [name: default]
[2023-12-05 22:21:13.404] [INFO ] [main] org.hibernate.Version HHH000412: Hibernate ORM core version 6.3.1.Final
[2023-12-05 22:21:13.428] [INFO ] [main] org.hibernate.cache.internal.RegionFactoryInitiator HHH000026: Second-level cache disabled
[2023-12-05 22:21:13.591] [INFO ] [main] org.springframework.orm.jpa.persistenceunit.SpringPersistenceUnitInfo No LoadTimeWeaver setup: ignoring JPA class transformer
[2023-12-05 22:21:13.610] [INFO ] [main] com.zaxxer.hikari.HikariDataSource HikariPool-1 - Starting...
[2023-12-05 22:21:13.716] [INFO ] [main] com.zaxxer.hikari.pool.HikariPool HikariPool-1 - Added connection com.mysql.cj.jdbc.ConnectionImpl@2bb3f39e
[2023-12-05 22:21:13.717] [INFO ] [main] com.zaxxer.hikari.HikariDataSource HikariPool-1 - Start completed.
[2023-12-05 22:21:14.275] [INFO ] [main] org.hibernate.engine.transaction.jta.platform.internal.JtaPlatformInitiator HHH000489: No JTA platform available (set 'hibernate.transaction.jta.platform' to enable JTA platform integration)
[2023-12-05 22:21:14.277] [INFO ] [main] org.springframework.orm.jpa.LocalContainerEntityManagerFactoryBean Initialized JPA EntityManagerFactory for persistence unit 'default'
[2023-12-05 22:21:14.677] [WARN ] [main] org.springframework.boot.autoconfigure.orm.jpa.JpaBaseConfiguration$JpaWebConfiguration spring.jpa.open-in-view is enabled by default. Therefore, database queries may be performed during view rendering. Explicitly configure spring.jpa.open-in-view to disable this warning
[2023-12-05 22:21:14.687] [WARN ] [main] org.springframework.boot.autoconfigure.security.servlet.UserDetailsServiceAutoConfiguration 

Using generated security password: 9e158295-3680-46b8-b810-21f19d4a591b

This generated password is for development use only. Your security configuration must be updated before running your application in production.

[2023-12-05 22:21:14.841] [INFO ] [main] org.springframework.security.web.DefaultSecurityFilterChain Will secure any request with [org.springframework.security.web.session.DisableEncodeUrlFilter@6c27be1d, org.springframework.security.web.context.request.async.WebAsyncManagerIntegrationFilter@2e7cd4bb, org.springframework.security.web.context.SecurityContextHolderFilter@672549f3, org.springframework.security.web.header.HeaderWriterFilter@6b3284, org.springframework.web.filter.CorsFilter@51a06fd5, org.springframework.security.web.authentication.logout.LogoutFilter@113a89c5, org.springframework.security.web.savedrequest.RequestCacheAwareFilter@6ba516ff, org.springframework.security.web.servletapi.SecurityContextHolderAwareRequestFilter@3bbb3c84, org.springframework.security.web.authentication.AnonymousAuthenticationFilter@26edfa34, org.springframework.security.web.session.SessionManagementFilter@614d01b, org.springframework.security.web.access.ExceptionTranslationFilter@374013e8, org.springframework.security.web.access.intercept.AuthorizationFilter@1eeb9e5c]
[2023-12-05 22:21:14.995] [INFO ] [main] org.apache.coyote.http11.Http11NioProtocol Starting ProtocolHandler ["http-nio-8080"]
[2023-12-05 22:21:15.011] [INFO ] [main] org.springframework.boot.web.embedded.tomcat.TomcatWebServer Tomcat started on port 8080 (http) with context path ''
[2023-12-05 22:21:15.017] [INFO ] [main] com.example.makedelivery.MakeDeliveryApplication Started MakeDeliveryApplication in 3.037 seconds (process running for 3.508)
[2023-12-05 22:21:18.520] [INFO ] [http-nio-8080-exec-1] org.apache.catalina.core.ContainerBase.[Tomcat].[localhost].[/] Initializing Spring DispatcherServlet 'dispatcherServlet'
[2023-12-05 22:21:18.521] [INFO ] [http-nio-8080-exec-1] org.springframework.web.servlet.DispatcherServlet Initializing Servlet 'dispatcherServlet'
[2023-12-05 22:21:18.522] [INFO ] [http-nio-8080-exec-1] org.springframework.web.servlet.DispatcherServlet Completed initialization in 1 ms
[2023-12-05 22:21:18.531] [WARN ] [http-nio-8080-exec-1] org.springframework.web.servlet.handler.HandlerMappingIntrospector Cache miss for REQUEST dispatch to '/' (previous null). Performing CorsConfiguration lookup. This is logged once only at WARN level, and every time at TRACE.
[2023-12-05 22:24:38.466] [INFO ] [SpringApplicationShutdownHook] org.springframework.orm.jpa.LocalContainerEntityManagerFactoryBean Closing JPA EntityManagerFactory for persistence unit 'default'
[2023-12-05 22:24:38.467] [INFO ] [SpringApplicationShutdownHook] com.zaxxer.hikari.HikariDataSource HikariPool-1 - Shutdown initiated...
[2023-12-05 22:24:38.473] [INFO ] [SpringApplicationShutdownHook] com.zaxxer.hikari.HikariDataSource HikariPool-1 - Shutdown completed.
[2023-12-05 22:24:40.801] [INFO ] [background-preinit] org.hibernate.validator.internal.util.Version HV000001: Hibernate Validator 8.0.1.Final
[2023-12-05 22:24:40.828] [INFO ] [main] com.example.makedelivery.MakeDeliveryApplication Starting MakeDeliveryApplication using Java 17.0.9 with PID 24968 (D:\make-delivery\make-delivery\build\classes\java\main started by user in D:\make-delivery\make-delivery)
[2023-12-05 22:24:40.828] [INFO ] [main] com.example.makedelivery.MakeDeliveryApplication The following 1 profile is active: "aws"
[2023-12-05 22:24:41.287] [INFO ] [main] org.springframework.data.repository.config.RepositoryConfigurationDelegate Multiple Spring Data modules found, entering strict repository configuration mode
[2023-12-05 22:24:41.289] [INFO ] [main] org.springframework.data.repository.config.RepositoryConfigurationDelegate Bootstrapping Spring Data JPA repositories in DEFAULT mode.
[2023-12-05 22:24:41.389] [INFO ] [main] org.springframework.data.repository.config.RepositoryConfigurationDelegate Finished Spring Data repository scanning in 96 ms. Found 1 JPA repository interface.
[2023-12-05 22:24:41.398] [INFO ] [main] org.springframework.data.repository.config.RepositoryConfigurationDelegate Multiple Spring Data modules found, entering strict repository configuration mode
[2023-12-05 22:24:41.399] [INFO ] [main] org.springframework.data.repository.config.RepositoryConfigurationDelegate Bootstrapping Spring Data Redis repositories in DEFAULT mode.
[2023-12-05 22:24:41.409] [INFO ] [main] org.springframework.data.repository.config.RepositoryConfigurationExtensionSupport Spring Data Redis - Could not safely identify store assignment for repository candidate interface com.example.makedelivery.domain.customer.repository.CustomerMemberRepository; If you want this repository to be a Redis repository, consider annotating your entities with one of these annotations: org.springframework.data.redis.core.RedisHash (preferred), or consider extending one of the following types with your repository: org.springframework.data.keyvalue.repository.KeyValueRepository
[2023-12-05 22:24:41.409] [INFO ] [main] org.springframework.data.repository.config.RepositoryConfigurationDelegate Finished Spring Data repository scanning in 3 ms. Found 0 Redis repository interfaces.
[2023-12-05 22:24:41.770] [INFO ] [main] org.springframework.boot.web.embedded.tomcat.TomcatWebServer Tomcat initialized with port 8080 (http)
[2023-12-05 22:24:41.771] [INFO ] [main] org.apache.catalina.core.AprLifecycleListener An older version [1.2.34] of the Apache Tomcat Native library is installed, while Tomcat recommends a minimum version of [2.0.5]
[2023-12-05 22:24:41.772] [INFO ] [main] org.apache.catalina.core.AprLifecycleListener Loaded Apache Tomcat Native library [1.2.34] using APR version [1.7.0].
[2023-12-05 22:24:41.775] [INFO ] [main] org.apache.catalina.core.AprLifecycleListener OpenSSL successfully initialized [OpenSSL 1.1.1o  3 May 2022]
[2023-12-05 22:24:41.781] [INFO ] [main] org.apache.coyote.http11.Http11NioProtocol Initializing ProtocolHandler ["http-nio-8080"]
[2023-12-05 22:24:41.782] [INFO ] [main] org.apache.catalina.core.StandardService Starting service [Tomcat]
[2023-12-05 22:24:41.782] [INFO ] [main] org.apache.catalina.core.StandardEngine Starting Servlet engine: [Apache Tomcat/10.1.16]
[2023-12-05 22:24:41.832] [INFO ] [main] org.apache.catalina.core.ContainerBase.[Tomcat].[localhost].[/] Initializing Spring embedded WebApplicationContext
[2023-12-05 22:24:41.832] [INFO ] [main] org.springframework.boot.web.servlet.context.ServletWebServerApplicationContext Root WebApplicationContext: initialization completed in 979 ms
[2023-12-05 22:24:41.933] [INFO ] [main] org.hibernate.jpa.internal.util.LogHelper HHH000204: Processing PersistenceUnitInfo [name: default]
[2023-12-05 22:24:41.968] [INFO ] [main] org.hibernate.Version HHH000412: Hibernate ORM core version 6.3.1.Final
[2023-12-05 22:24:41.993] [INFO ] [main] org.hibernate.cache.internal.RegionFactoryInitiator HHH000026: Second-level cache disabled
[2023-12-05 22:24:42.151] [INFO ] [main] org.springframework.orm.jpa.persistenceunit.SpringPersistenceUnitInfo No LoadTimeWeaver setup: ignoring JPA class transformer
[2023-12-05 22:24:42.167] [INFO ] [main] com.zaxxer.hikari.HikariDataSource HikariPool-1 - Starting...
[2023-12-05 22:24:42.264] [INFO ] [main] com.zaxxer.hikari.pool.HikariPool HikariPool-1 - Added connection com.mysql.cj.jdbc.ConnectionImpl@2e426dd2
[2023-12-05 22:24:42.265] [INFO ] [main] com.zaxxer.hikari.HikariDataSource HikariPool-1 - Start completed.
[2023-12-05 22:24:42.827] [INFO ] [main] org.hibernate.engine.transaction.jta.platform.internal.JtaPlatformInitiator HHH000489: No JTA platform available (set 'hibernate.transaction.jta.platform' to enable JTA platform integration)
[2023-12-05 22:24:42.829] [INFO ] [main] org.springframework.orm.jpa.LocalContainerEntityManagerFactoryBean Initialized JPA EntityManagerFactory for persistence unit 'default'
[2023-12-05 22:24:43.226] [WARN ] [main] org.springframework.boot.autoconfigure.orm.jpa.JpaBaseConfiguration$JpaWebConfiguration spring.jpa.open-in-view is enabled by default. Therefore, database queries may be performed during view rendering. Explicitly configure spring.jpa.open-in-view to disable this warning
[2023-12-05 22:24:43.237] [WARN ] [main] org.springframework.boot.autoconfigure.security.servlet.UserDetailsServiceAutoConfiguration 

Using generated security password: e76e632e-5a3b-4b79-afca-4d099d4692a4

This generated password is for development use only. Your security configuration must be updated before running your application in production.

[2023-12-05 22:24:43.396] [INFO ] [main] org.springframework.security.web.DefaultSecurityFilterChain Will secure any request with [org.springframework.security.web.session.DisableEncodeUrlFilter@2a8081f5, org.springframework.security.web.context.request.async.WebAsyncManagerIntegrationFilter@20a434a8, org.springframework.security.web.context.SecurityContextHolderFilter@7ef34eb3, org.springframework.security.web.header.HeaderWriterFilter@15e881c0, org.springframework.web.filter.CorsFilter@7ecca48, org.springframework.security.web.authentication.logout.LogoutFilter@735dc133, org.springframework.security.web.savedrequest.RequestCacheAwareFilter@5dfc7b3f, org.springframework.security.web.servletapi.SecurityContextHolderAwareRequestFilter@1b641c97, org.springframework.security.web.authentication.AnonymousAuthenticationFilter@3d5b2c1e, org.springframework.security.web.session.SessionManagementFilter@27b7913, org.springframework.security.web.access.ExceptionTranslationFilter@6023b54f, org.springframework.security.web.access.intercept.AuthorizationFilter@5e9a9683]
[2023-12-05 22:24:43.573] [INFO ] [main] org.apache.coyote.http11.Http11NioProtocol Starting ProtocolHandler ["http-nio-8080"]
[2023-12-05 22:24:43.588] [INFO ] [main] org.springframework.boot.web.embedded.tomcat.TomcatWebServer Tomcat started on port 8080 (http) with context path ''
[2023-12-05 22:24:43.593] [INFO ] [main] com.example.makedelivery.MakeDeliveryApplication Started MakeDeliveryApplication in 3.077 seconds (process running for 3.559)
[2023-12-05 22:24:48.866] [INFO ] [http-nio-8080-exec-1] org.apache.catalina.core.ContainerBase.[Tomcat].[localhost].[/] Initializing Spring DispatcherServlet 'dispatcherServlet'
[2023-12-05 22:24:48.866] [INFO ] [http-nio-8080-exec-1] org.springframework.web.servlet.DispatcherServlet Initializing Servlet 'dispatcherServlet'
[2023-12-05 22:24:48.867] [INFO ] [http-nio-8080-exec-1] org.springframework.web.servlet.DispatcherServlet Completed initialization in 1 ms
[2023-12-05 22:24:48.875] [WARN ] [http-nio-8080-exec-1] org.springframework.web.servlet.handler.HandlerMappingIntrospector Cache miss for REQUEST dispatch to '/' (previous null). Performing CorsConfiguration lookup. This is logged once only at WARN level, and every time at TRACE.
